<?xml version="1.0" encoding="UTF-8"?>
<!-- Generated by org.testng.reporters.JUnitReportReporter -->
<testsuite skipped="0" hostname="AboOmar" name="org.example.testRunner.Runners" tests="19" failures="2" timestamp="2022-07-30T23:37:30 EET" time="611.844" errors="1">
  <testcase name="runScenario" time="30.937" classname="org.example.testRunner.Runners"/>
  <system-out/>
  <testcase name="runScenario" time="29.351" classname="org.example.testRunner.Runners"/>
  <system-out/>
  <testcase name="runScenario" time="30.480" classname="org.example.testRunner.Runners"/>
  <system-out/>
  <testcase name="runScenario" time="38.053" classname="org.example.testRunner.Runners"/>
  <system-out/>
  <testcase name="runScenario" time="106.700" classname="org.example.testRunner.Runners"/>
  <system-out/>
  <testcase name="runScenario" time="27.786" classname="org.example.testRunner.Runners"/>
  <system-out/>
  <testcase name="runScenario" time="17.354" classname="org.example.testRunner.Runners"/>
  <system-out/>
  <testcase name="runScenario" time="24.452" classname="org.example.testRunner.Runners"/>
  <system-out/>
  <testcase name="runScenario" time="37.193" classname="org.example.testRunner.Runners"/>
  <system-out/>
  <testcase name="runScenario" time="68.468" classname="org.example.testRunner.Runners"/>
  <system-out/>
  <testcase name="runScenario" time="15.055" classname="org.example.testRunner.Runners">
    <error type="java.lang.IndexOutOfBoundsException" message="Index: 1, Size: 1">
      <![CDATA[java.lang.IndexOutOfBoundsException: Index: 1, Size: 1
at java.util.ArrayList.rangeCheck(ArrayList.java:659)
at java.util.ArrayList.get(ArrayList.java:435)
at org.example.stepDefs.D07_followUsStepDef.rss_opened_in_new_tab(D07_followUsStepDef.java:66)
at ✽.rss "https://demo.nopcommerce.com/new-online-store-is-open" is opened in new tab(file:///C:/Users/maoza/IdeaProjects/demonopcommerce/src/main/resources/features/F07_followUs.feature:17)
]]>
    </error>
  </testcase> <!-- runScenario -->
  <system-out/>
  <testcase name="runScenario" time="16.861" classname="org.example.testRunner.Runners"/>
  <system-out/>
  <testcase name="runScenario" time="18.956" classname="org.example.testRunner.Runners"/>
  <system-out/>
  <testcase name="runScenario" time="25.576" classname="org.example.testRunner.Runners"/>
  <system-out/>
  <testcase name="runScenario" time="18.128" classname="org.example.testRunner.Runners">
    <failure type="java.lang.AssertionError" message="expected [https://demo.nopcommerce.com/iphone-6] but found [https://demo.nopcommerce.com/]">
      <![CDATA[java.lang.AssertionError: expected [https://demo.nopcommerce.com/iphone-6] but found [https://demo.nopcommerce.com/]
at org.testng.Assert.fail(Assert.java:110)
at org.testng.Assert.failNotEquals(Assert.java:1413)
at org.testng.Assert.assertEqualsImpl(Assert.java:149)
at org.testng.Assert.assertEquals(Assert.java:131)
at org.testng.Assert.assertEquals(Assert.java:655)
at org.testng.Assert.assertEquals(Assert.java:665)
at org.example.pages.P03_homePage.getSecondSliderProductUrl(P03_homePage.java:191)
at org.example.stepDefs.D06_homeSlidersStepDef.user_go_second_product_page(D06_homeSlidersStepDef.java:38)
at ✽.user go to second product page(file:///C:/Users/maoza/IdeaProjects/demonopcommerce/src/main/resources/features/F06_homeSliders.feature:11)
]]>
    </failure>
  </testcase> <!-- runScenario -->
  <system-out/>
  <testcase name="runScenario" time="19.516" classname="org.example.testRunner.Runners"/>
  <system-out/>
  <testcase name="runScenario" time="31.978" classname="org.example.testRunner.Runners"/>
  <system-out/>
  <testcase name="runScenario" time="27.613" classname="org.example.testRunner.Runners"/>
  <system-out/>
  <testcase name="runScenario" time="27.387" classname="org.example.testRunner.Runners">
    <failure type="java.lang.AssertionError" message="expected [https://demo.nopcommerce.com/nokia-lumia-1020] but found [https://demo.nopcommerce.com/]">
      <![CDATA[java.lang.AssertionError: expected [https://demo.nopcommerce.com/nokia-lumia-1020] but found [https://demo.nopcommerce.com/]
at org.testng.Assert.fail(Assert.java:110)
at org.testng.Assert.failNotEquals(Assert.java:1413)
at org.testng.Assert.assertEqualsImpl(Assert.java:149)
at org.testng.Assert.assertEquals(Assert.java:131)
at org.testng.Assert.assertEquals(Assert.java:655)
at org.testng.Assert.assertEquals(Assert.java:665)
at org.example.pages.P03_homePage.getFirstSliderProductUrl(P03_homePage.java:163)
at org.example.stepDefs.D06_homeSlidersStepDef.user_go_first_product_page(D06_homeSlidersStepDef.java:23)
at ✽.user go to first product page(file:///C:/Users/maoza/IdeaProjects/demonopcommerce/src/main/resources/features/F06_homeSliders.feature:6)
]]>
    </failure>
  </testcase> <!-- runScenario -->
  <system-out/>
</testsuite> <!-- org.example.testRunner.Runners -->
